2025-04-03 10:14:48,799 - INFO - Starting pipeline...
2025-04-03 10:14:48,799 - INFO - Opening Excel File...
2025-04-03 10:15:28,537 - INFO - Starting pipeline...
2025-04-03 10:15:28,537 - INFO - Opening Excel File...
2025-04-03 10:24:17,913 - INFO - Starting pipeline...
2025-04-03 10:24:17,915 - INFO - Opening Excel File...
2025-04-03 10:24:18,527 - INFO - Data successfully written to raw_tweets table.
2025-04-03 10:24:18,527 - INFO - Training the model...
2025-04-03 10:25:03,705 - INFO - Starting pipeline...
2025-04-03 10:25:03,705 - INFO - Opening Excel File...
2025-04-03 10:25:03,958 - INFO - Data successfully written to raw_tweets table.
2025-04-03 10:25:03,959 - INFO - Training the model...
2025-04-03 10:27:19,508 - INFO - Starting pipeline...
2025-04-03 10:27:19,508 - INFO - Opening Excel File...
2025-04-03 10:27:19,790 - INFO - Data successfully written to raw_table table.
2025-04-03 10:27:19,790 - INFO - Training the model...
2025-04-03 10:28:51,500 - INFO - Starting pipeline...
2025-04-03 10:28:51,500 - INFO - Opening Excel File...
2025-04-03 10:28:51,755 - INFO - Data successfully written to raw_table table.
2025-04-03 10:28:51,756 - INFO - Training the model...
2025-04-03 10:29:18,026 - INFO - Starting pipeline...
2025-04-03 10:29:18,026 - INFO - Opening Excel File...
2025-04-03 10:29:18,605 - INFO - Data successfully written to raw_table table.
2025-04-03 10:29:18,605 - INFO - Training the model...
2025-04-03 10:29:18,616 - INFO - Saving model...
2025-04-03 10:30:20,711 - INFO - Starting pipeline...
2025-04-03 10:30:20,711 - INFO - Opening Excel File...
2025-04-03 10:30:20,962 - INFO - Data successfully written to raw_table table.
2025-04-03 10:30:20,962 - INFO - Training the model...
2025-04-03 10:30:20,972 - INFO - Saving model...
2025-04-03 10:30:39,288 - INFO - Starting pipeline...
2025-04-03 10:30:39,288 - INFO - Opening Excel File...
2025-04-03 10:30:39,562 - INFO - Data successfully written to raw_table table.
2025-04-03 10:30:39,562 - INFO - Training the model...
2025-04-03 10:30:39,575 - INFO - Saving model...
2025-04-03 10:30:39,669 - INFO - Saving model...
